#
# There is insufficient memory for the Java Runtime Environment to continue.
# Native memory allocation (mmap) failed to map 121634816 bytes. Error detail: G1 virtual space
# Possible reasons:
#   The system is out of physical RAM or swap space
#   This process is running with CompressedOops enabled, and the Java Heap may be blocking the growth of the native heap
# Possible solutions:
#   Reduce memory load on the system
#   Increase physical memory or swap space
#   Check if swap backing store is full
#   Decrease Java heap size (-Xmx/-Xms)
#   Decrease number of Java threads
#   Decrease Java thread stack sizes (-Xss)
#   Set larger code cache with -XX:ReservedCodeCacheSize=
#   JVM is running with Unscaled Compressed Oops mode in which the Java heap is
#     placed in the first 4GB address space. The Java Heap base address is the
#     maximum limit for the native heap growth. Please use -XX:HeapBaseMinAddress
#     to set the Java Heap base and to place the Java Heap above 4GB virtual address.
# This output file may be truncated or incomplete.
#
#  Out of Memory Error (os_windows.cpp:3631), pid=22848, tid=4820
#
# JRE version:  (22.0.2+9) (build )
# Java VM: Java HotSpot(TM) 64-Bit Server VM (22.0.2+9-70, mixed mode, sharing, tiered, compressed oops, compressed class ptrs, g1 gc, windows-amd64)
# No core dump will be written. Minidumps are not enabled by default on client versions of Windows
#

---------------  S U M M A R Y ------------

Command Line: -Dfile.encoding=UTF-8 -Dstdout.encoding=UTF-8 -Dstderr.encoding=UTF-8 --module-path=C:\Users\ximeg\Documents\app\Eclipse. Programacion JAVA\Proyectos JAVA\AventuraEnLaMazmorra\bin -XX:+ShowCodeDetailsInExceptionMessages -Djdk.module.main=AventuraEnLaMazmorra AventuraEnLaMazmorra/unidad1.Principal

Host: AMD Ryzen 3 7320U with Radeon Graphics         , 8 cores, 7G,  Windows 11 , 64 bit Build 22621 (10.0.22621.3958)
Time: Tue Oct  1 19:49:28 2024 Hora estándar del Este (México) elapsed time: 0.019472 seconds (0d 0h 0m 0s)

---------------  T H R E A D  ---------------

Current thread (0x0000016dd05e1910):  JavaThread "Unknown thread" [_thread_in_vm, id=4820, stack(0x0000003c08c00000,0x0000003c08d00000) (1024K)]

Stack: [0x0000003c08c00000,0x0000003c08d00000]
Native frames: (J=compiled Java code, j=interpreted, Vv=VM code, C=native code)
V  [jvm.dll+0x6e26e9]  (no source info available)
V  [jvm.dll+0x875753]  (no source info available)
V  [jvm.dll+0x877b7e]  (no source info available)
V  [jvm.dll+0x878253]  (no source info available)
V  [jvm.dll+0x27fc86]  (no source info available)
V  [jvm.dll+0x6ded85]  (no source info available)
V  [jvm.dll+0x6d388a]  (no source info available)
V  [jvm.dll+0x358b8a]  (no source info available)
V  [jvm.dll+0x3610b6]  (no source info available)
V  [jvm.dll+0x3b419e]  (no source info available)
V  [jvm.dll+0x3b4448]  (no source info available)
V  [jvm.dll+0x32c5ec]  (no source info available)
V  [jvm.dll+0x32d258]  (no source info available)
V  [jvm.dll+0x83d5ac]  (no source info available)
V  [jvm.dll+0x3c10d1]  (no source info available)
V  [jvm.dll+0x8264cc]  (no source info available)
V  [jvm.dll+0x45bd5e]  (no source info available)
V  [jvm.dll+0x45dbe1]  (no source info available)
C  [jli.dll+0x52a3]  (no source info available)
C  [ucrtbase.dll+0x29333]  (no source info available)
C  [KERNEL32.DLL+0x1257d]  (no source info available)
C  [ntdll.dll+0x5af28]  (no source info available)


---------------  P R O C E S S  ---------------

Threads class SMR info:
_java_thread_list=0x00007ffc5d63c1c8, length=0, elements={
}

Java Threads: ( => current thread )
Total: 0

Other Threads:
  0x0000016dd0903800 WorkerThread "GC Thread#0"                     [id=29776, stack(0x0000003c08d00000,0x0000003c08e00000) (1024K)]
  0x0000016dd0914290 ConcurrentGCThread "G1 Main Marker"            [id=30216, stack(0x0000003c08e00000,0x0000003c08f00000) (1024K)]
  0x0000016dd0915540 WorkerThread "G1 Conc#0"                       [id=21060, stack(0x0000003c08f00000,0x0000003c09000000) (1024K)]

[error occurred during error reporting (printing all threads), id 0xc0000005, EXCEPTION_ACCESS_VIOLATION (0xc0000005) at pc=0x00007ffc5cd8f517]
VM state: not at safepoint (not fully initialized)

VM Mutex/Monitor currently owned by a thread:  ([mutex/lock_event])
[0x00007ffc5d6bcc80] Heap_lock - owner thread: 0x0000016dd05e1910

Heap address: 0x000000008c000000, size: 1856 MB, Compressed Oops mode: 32-bit

CDS archive(s) mapped at: [0x0000000000000000-0x0000000000000000-0x0000000000000000), size 0, SharedBaseAddress: 0x0000000800000000, ArchiveRelocationMode: 1.
Narrow klass base: 0x0000000000000000, Narrow klass shift: 0, Narrow klass range: 0x0

GC Precious Log:
 CardTable entry size: 512
 Card Set container configuration: InlinePtr #cards 5 size 8 Array Of Cards #cards 12 size 40 Howl #buckets 4 coarsen threshold 1843 Howl Bitmap #cards 512 size 80 coarsen threshold 460 Card regions per heap region 1 cards per card region 2048

Heap:
 garbage-first heap   total reserved 1900544K, committed 0K, used 0K [0x000000008c000000, 0x0000000100000000)
  region size 1024K, 0 young (0K), 0 survivors (0K)

[error occurred during error reporting (printing heap information), id 0xc0000005, EXCEPTION_ACCESS_VIOLATION (0xc0000005) at pc=0x00007ffc5d18e869]
GC Heap History (0 events):
No events

Dll operation events (1 events):
Event: 0.013 Loaded shared library C:\Program Files\Java\jdk-22\bin\java.dll

Deoptimization events (0 events):
No events

Classes loaded (0 events):
No events

Classes unloaded (0 events):
No events

Classes redefined (0 events):
No events

Internal exceptions (0 events):
No events

ZGC Phase Switch (0 events):
No events

VM Operations (0 events):
No events

Memory protections (0 events):
No events

Nmethod flushes (0 events):
No events

Events (0 events):
No events


Dynamic libraries:
0x00007ff7223f0000 - 0x00007ff722400000 	C:\Program Files\Java\jdk-22\bin\javaw.exe
0x00007ffcc51f0000 - 0x00007ffcc5407000 	C:\windows\SYSTEM32\ntdll.dll
0x00007ffc7eea0000 - 0x00007ffc7eeba000 	C:\Program Files\Avast Software\Avast\aswhook.dll
0x00007ffcc3a20000 - 0x00007ffcc3ae4000 	C:\windows\System32\KERNEL32.DLL
0x00007ffcc2ac0000 - 0x00007ffcc2e6d000 	C:\windows\System32\KERNELBASE.dll
0x00007ffcc2540000 - 0x00007ffcc2651000 	C:\windows\System32\ucrtbase.dll
0x00007ffca9710000 - 0x00007ffca9727000 	C:\Program Files\Java\jdk-22\bin\jli.dll
0x00007ffcba7a0000 - 0x00007ffcba7bb000 	C:\Program Files\Java\jdk-22\bin\VCRUNTIME140.dll
0x00007ffcc3c50000 - 0x00007ffcc3dfe000 	C:\windows\System32\USER32.dll
0x00007ffc9e720000 - 0x00007ffc9e9b3000 	C:\windows\WinSxS\amd64_microsoft.windows.common-controls_6595b64144ccf1df_6.0.22621.3672_none_2713b9d173822955\COMCTL32.dll
0x00007ffcc2510000 - 0x00007ffcc2536000 	C:\windows\System32\win32u.dll
0x00007ffcc3970000 - 0x00007ffcc3a17000 	C:\windows\System32\msvcrt.dll
0x00007ffcc4230000 - 0x00007ffcc4259000 	C:\windows\System32\GDI32.dll
0x00007ffcc2870000 - 0x00007ffcc2989000 	C:\windows\System32\gdi32full.dll
0x00007ffcc2660000 - 0x00007ffcc26fa000 	C:\windows\System32\msvcp_win.dll
0x00007ffcc4260000 - 0x00007ffcc4291000 	C:\windows\System32\IMM32.DLL
0x00007ffcbc3a0000 - 0x00007ffcbc3ac000 	C:\Program Files\Java\jdk-22\bin\vcruntime140_1.dll
0x00007ffc9d9e0000 - 0x00007ffc9da6e000 	C:\Program Files\Java\jdk-22\bin\msvcp140.dll
0x00007ffc5ca50000 - 0x00007ffc5d799000 	C:\Program Files\Java\jdk-22\bin\server\jvm.dll
0x00007ffcc3840000 - 0x00007ffcc38f2000 	C:\windows\System32\ADVAPI32.dll
0x00007ffcc5100000 - 0x00007ffcc51a9000 	C:\windows\System32\sechost.dll
0x00007ffcc2ef0000 - 0x00007ffcc2f18000 	C:\windows\System32\bcrypt.dll
0x00007ffcc4fe0000 - 0x00007ffcc50f4000 	C:\windows\System32\RPCRT4.dll
0x00007ffcc33a0000 - 0x00007ffcc3411000 	C:\windows\System32\WS2_32.dll
0x00007ffcc2230000 - 0x00007ffcc227d000 	C:\windows\SYSTEM32\POWRPROF.dll
0x00007ffcbce20000 - 0x00007ffcbce54000 	C:\windows\SYSTEM32\WINMM.dll
0x00007ffcb7b20000 - 0x00007ffcb7b2a000 	C:\windows\SYSTEM32\VERSION.dll
0x00007ffcc2210000 - 0x00007ffcc2223000 	C:\windows\SYSTEM32\UMPDC.dll
0x00007ffcc1560000 - 0x00007ffcc1578000 	C:\windows\SYSTEM32\kernel.appcore.dll
0x00007ffcba790000 - 0x00007ffcba79a000 	C:\Program Files\Java\jdk-22\bin\jimage.dll
0x00007ffcb85a0000 - 0x00007ffcb87d2000 	C:\windows\SYSTEM32\DBGHELP.DLL
0x00007ffcc34b0000 - 0x00007ffcc383e000 	C:\windows\System32\combase.dll
0x00007ffcc42a0000 - 0x00007ffcc4377000 	C:\windows\System32\OLEAUT32.dll
0x00007ffcb2260000 - 0x00007ffcb2292000 	C:\windows\SYSTEM32\dbgcore.DLL
0x00007ffcc2e70000 - 0x00007ffcc2eeb000 	C:\windows\System32\bcryptPrimitives.dll
0x00007ffc9ece0000 - 0x00007ffc9ecfe000 	C:\Program Files\Java\jdk-22\bin\java.dll
0x00007ffcc4610000 - 0x00007ffcc4e77000 	C:\windows\System32\SHELL32.dll
0x00007ffcc4390000 - 0x00007ffcc4535000 	C:\windows\System32\ole32.dll

dbghelp: loaded successfully - version: 4.0.5 - missing functions: none
symbol engine: initialized successfully - sym options: 0x614 - pdb path: .;C:\Program Files\Java\jdk-22\bin;C:\windows\SYSTEM32;C:\Program Files\Avast Software\Avast;C:\windows\WinSxS\amd64_microsoft.windows.common-controls_6595b64144ccf1df_6.0.22621.3672_none_2713b9d173822955;C:\Program Files\Java\jdk-22\bin\server

VM Arguments:
jvm_args: -Dfile.encoding=UTF-8 -Dstdout.encoding=UTF-8 -Dstderr.encoding=UTF-8 --module-path=C:\Users\ximeg\Documents\app\Eclipse. Programacion JAVA\Proyectos JAVA\AventuraEnLaMazmorra\bin -XX:+ShowCodeDetailsInExceptionMessages -Djdk.module.main=AventuraEnLaMazmorra 
java_command: AventuraEnLaMazmorra/unidad1.Principal
java_class_path (initial): <not set>
Launcher Type: SUN_STANDARD

[Global flags]
     intx CICompilerCount                          = 4                                         {product} {ergonomic}
     uint ConcGCThreads                            = 2                                         {product} {ergonomic}
     uint G1ConcRefinementThreads                  = 8                                         {product} {ergonomic}
   size_t G1HeapRegionSize                         = 1048576                                   {product} {ergonomic}
   size_t InitialHeapSize                          = 121634816                                 {product} {ergonomic}
   size_t MarkStackSize                            = 4194304                                   {product} {ergonomic}
   size_t MaxHeapSize                              = 1946157056                                {product} {ergonomic}
   size_t MinHeapDeltaBytes                        = 1048576                                   {product} {ergonomic}
   size_t MinHeapSize                              = 8388608                                   {product} {ergonomic}
    uintx NonNMethodCodeHeapSize                   = 5839372                                {pd product} {ergonomic}
    uintx NonProfiledCodeHeapSize                  = 122909434                              {pd product} {ergonomic}
    uintx ProfiledCodeHeapSize                     = 122909434                              {pd product} {ergonomic}
    uintx ReservedCodeCacheSize                    = 251658240                              {pd product} {ergonomic}
     bool SegmentedCodeCache                       = true                                      {product} {ergonomic}
     bool ShowCodeDetailsInExceptionMessages       = true                                   {manageable} {command line}
   size_t SoftMaxHeapSize                          = 1946157056                             {manageable} {ergonomic}
     bool UseCompressedOops                        = true                           {product lp64_product} {ergonomic}
     bool UseG1GC                                  = true                                      {product} {ergonomic}
     bool UseLargePagesIndividualAllocation        = false                                  {pd product} {ergonomic}

Logging:
Log output configuration:
 #0: stdout all=warning uptime,level,tags foldmultilines=false
 #1: stderr all=off uptime,level,tags foldmultilines=false

Environment Variables:
PATH=C:\Program Files\Common Files\Oracle\Java\javapath;C:\windows\system32;C:\windows;C:\windows\System32\Wbem;C:\windows\System32\WindowsPowerShell\v1.0\;C:\windows\System32\OpenSSH\;C:\Program Files\dotnet\;C:\Program Files\MATLAB\R2023b\bin;C:\Users\ximeg\AppData\Local\Microsoft\WindowsApps;
USERNAME=ximeg
OS=Windows_NT
PROCESSOR_IDENTIFIER=AMD64 Family 23 Model 160 Stepping 0, AuthenticAMD
TMP=C:\Users\ximeg\AppData\Local\Temp
TEMP=C:\Users\ximeg\AppData\Local\Temp




Periodic native trim disabled

---------------  S Y S T E M  ---------------

OS:
 Windows 11 , 64 bit Build 22621 (10.0.22621.3958)
OS uptime: 1 days 5:33 hours
Hyper-V role detected

CPU: total 8 (initial active 8) (8 cores per cpu, 2 threads per core) family 23 model 160 stepping 0 microcode 0x0, cx8, cmov, fxsr, ht, mmx, 3dnowpref, sse, sse2, sse3, ssse3, sse4a, sse4.1, sse4.2, popcnt, lzcnt, tsc, tscinvbit, avx, avx2, aes, clmul, bmi1, bmi2, adx, sha, fma, vzeroupper, clflush, clflushopt, hv, rdtscp, rdpid, f16c
Processor Information for all 8 processors :
  Max Mhz: 2401, Current Mhz: 2401, Mhz Limit: 2401

Memory: 4k page, system-wide physical 7418M (736M free)
TotalPageFile size 29946M (AvailPageFile size 49M)
current process WorkingSet (physical memory assigned to process): 12M, peak: 12M
current process commit charge ("private bytes"): 61M, peak: 176M

vm_info: Java HotSpot(TM) 64-Bit Server VM (22.0.2+9-70) for windows-amd64 JRE (22.0.2+9-70), built on 2024-06-04T16:52:23Z by "mach5one" with MS VC++ 17.6 (VS2022)

END.
